<?xml version="1.0" encoding="UTF-8"?>
<!-- Generated by org.testng.reporters.JUnitXMLReporter -->
<testsuite ignored="2" hostname="DESKTOP-9TLQGTF" failures="0" tests="6" name="BlazeDemo Automation Tests" time="40.175" errors="0" timestamp="2026-01-21T13:29:41 GMT+05:00">
  <testcase classname="com.blazedemo.tests.HomePageTests" name="testHomePageLoad" time="0.046"/>
  <testcase classname="com.blazedemo.tests.HomePageTests" name="testFlightSearch" time="0.696"/>
  <testcase classname="com.blazedemo.tests.HomePageTests" name="testPageTitle" time="0.032"/>
  <testcase classname="com.blazedemo.tests.BookingFlowTests" name="testFlightSelection" time="1.308"/>
  <testcase classname="com.blazedemo.tests.BookingFlowTests" name="testCompleteBookingFlow" time="1.953"/>
  <testcase classname="com.blazedemo.tests.BookingFlowTests" name="testConfirmationMessage" time="1.774"/>
  <testcase classname="com.blazedemo.base.BaseTest" name="@BeforeSuite setupSuite" time="0.0">
    <ignored/>
  </testcase> <!-- @BeforeSuite setupSuite -->
  <testcase classname="com.blazedemo.base.BaseTest" name="@AfterSuite tearDownSuite" time="0.0">
    <ignored/>
  </testcase> <!-- @AfterSuite tearDownSuite -->
</testsuite> <!-- BlazeDemo Automation Tests -->
