<?xml version="1.0" encoding="UTF-8"?>
<!-- Generated by org.testng.reporters.JUnitReportReporter -->
<testsuite hostname="DESKTOP-9TLQGTF" failures="0" tests="3" name="com.blazedemo.tests.BookingFlowTests" time="17.050" errors="0" timestamp="2026-01-21T13:29:41 GMT+05:00" skipped="0">
  <testcase classname="com.blazedemo.tests.BookingFlowTests" name="testFlightSelection" time="4.055"/>
  <testcase classname="com.blazedemo.tests.BookingFlowTests" name="testCompleteBookingFlow" time="4.766"/>
  <testcase classname="com.blazedemo.tests.BookingFlowTests" name="testConfirmationMessage" time="8.229"/>
</testsuite> <!-- com.blazedemo.tests.BookingFlowTests -->
