<?xml version="1.0" encoding="UTF-8"?>
<!-- Generated by org.testng.reporters.JUnitReportReporter -->
<testsuite hostname="DESKTOP-9TLQGTF" failures="0" tests="3" name="com.blazedemo.tests.HomePageTests" time="23.090" errors="0" timestamp="2026-01-21T13:29:41 GMT+05:00" skipped="0">
  <testcase classname="com.blazedemo.tests.HomePageTests" name="testHomePageLoad" time="4.669"/>
  <testcase classname="com.blazedemo.tests.HomePageTests" name="testFlightSearch" time="6.093"/>
  <testcase classname="com.blazedemo.tests.HomePageTests" name="testPageTitle" time="12.328"/>
</testsuite> <!-- com.blazedemo.tests.HomePageTests -->
